<?xml version="1.0" encoding="UTF-8"?>
<!-- Generated by org.testng.reporters.JUnitReportReporter -->
<testsuite hostname="LAPTOP-QUOMNJ5A" failures="0" tests="1" name="com.vtiger.campajnsTest.CreateCampaigensTest" time="22.072" errors="0" timestamp="2022-05-27T06:45:50 IST" skipped="0">
  <testcase classname="com.vtiger.campajnsTest.CreateCampaigensTest" name="createCampaigensTest" time="22.072"/>
  <system-out/>
</testsuite> <!-- com.vtiger.campajnsTest.CreateCampaigensTest -->
