<?xml version="1.0" encoding="UTF-8"?>
<!-- Generated by org.testng.reporters.JUnitReportReporter -->
<testsuite hostname="LAPTOP-QUOMNJ5A" failures="0" tests="1" name="com.Chandan.Practice.CliniqiueTest" time="16.265" errors="0" timestamp="03 Jun 2022 03:59:00 GMT" skipped="0">
  <testcase classname="com.Chandan.Practice.CliniqiueTest" name="cliniquesTest" time="16.265"/>
</testsuite> <!-- com.Chandan.Practice.CliniqiueTest -->
