<?xml version="1.0" encoding="UTF-8"?>
<!-- Generated by org.testng.reporters.JUnitReportReporter -->
<testsuite hostname="LAPTOP-QUOMNJ5A" failures="0" tests="3" name="com.vtiger.organizationTest.CreaterOganizationusingExcelTest" time="78.024" errors="0" timestamp="2022-06-19T20:34:54 IST" skipped="0">
  <testcase classname="com.vtiger.organizationTest.CreaterOganizationusingExcelTest" name="createrOganizationusingExcelTest" time="26.193"/>
  <system-out/>
  <testcase classname="com.vtiger.organizationTest.CreaterOganizationusingExcelTest" name="createrOganizationusingExcelTest" time="24.505"/>
  <system-out/>
  <testcase classname="com.vtiger.organizationTest.CreaterOganizationusingExcelTest" name="createrOganizationusingExcelTest" time="27.326"/>
  <system-out/>
</testsuite> <!-- com.vtiger.organizationTest.CreaterOganizationusingExcelTest -->
