<?xml version="1.0" encoding="UTF-8"?>
<!-- Generated by org.testng.reporters.JUnitReportReporter -->
<testsuite hostname="LAPTOP-QUOMNJ5A" failures="0" tests="3" name="com.vtiger.organizationTest.CreateOrganizationandaAddIndustryaandTypeTest" time="109.674" errors="0" timestamp="2022-06-19T20:34:54 IST" skipped="0">
  <testcase classname="com.vtiger.organizationTest.CreateOrganizationandaAddIndustryaandTypeTest" name="createOrganizationandaAddIndustryaandTypeTest" time="36.168"/>
  <system-out/>
  <testcase classname="com.vtiger.organizationTest.CreateOrganizationandaAddIndustryaandTypeTest" name="createOrganizationandaAddIndustryaandTypeTest" time="37.007"/>
  <system-out/>
  <testcase classname="com.vtiger.organizationTest.CreateOrganizationandaAddIndustryaandTypeTest" name="createOrganizationandaAddIndustryaandTypeTest" time="36.499"/>
  <system-out/>
</testsuite> <!-- com.vtiger.organizationTest.CreateOrganizationandaAddIndustryaandTypeTest -->
