<?xml version="1.0" encoding="UTF-8"?>
<!-- Generated by org.testng.reporters.JUnitReportReporter -->
<testsuite hostname="LAPTOP-QUOMNJ5A" failures="0" tests="1" name="com.vtiger.practice.ChromeDownload" time="5.719" errors="0" timestamp="2022-06-03T15:37:38 IST" skipped="0">
  <testcase classname="com.vtiger.practice.ChromeDownload" name="chromeDownload" time="5.719"/>
  <system-out/>
</testsuite> <!-- com.vtiger.practice.ChromeDownload -->
