<?xml version="1.0" encoding="UTF-8"?>
<!-- Generated by org.testng.reporters.JUnitReportReporter -->
<testsuite hostname="LAPTOP-QUOMNJ5A" failures="0" tests="1" name="com.vtiger.productTest.CreateProductTest" time="12.522" errors="0" timestamp="2022-06-06T14:23:17 IST" skipped="0">
  <testcase classname="com.vtiger.productTest.CreateProductTest" name="createProductTest" time="12.522"/>
  <system-out/>
</testsuite> <!-- com.vtiger.productTest.CreateProductTest -->
