<?xml version="1.0" encoding="UTF-8"?>
<!-- Generated by org.testng.reporters.JUnitReportReporter -->
<testsuite hostname="LAPTOP-QUOMNJ5A" failures="0" tests="1" name="com.Chandan.Practice.MakeMyTrip" time="27.483" errors="0" timestamp="12 Jul 2022 06:23:16 GMT" skipped="0">
  <testcase classname="com.Chandan.Practice.MakeMyTrip" name="trip" time="27.483"/>
</testsuite> <!-- com.Chandan.Practice.MakeMyTrip -->
