<?xml version="1.0" encoding="UTF-8"?>
<!-- Generated by org.testng.reporters.JUnitReportReporter -->
<testsuite hostname="LAPTOP-QUOMNJ5A" failures="0" tests="1" name="com.vtiger.practice.DynamicWebTable" time="26.392" errors="0" timestamp="2022-06-26T06:35:19 IST" skipped="0">
  <testcase classname="com.vtiger.practice.DynamicWebTable" name="dynamicWebTable" time="26.392"/>
  <system-out/>
</testsuite> <!-- com.vtiger.practice.DynamicWebTable -->
