<?xml version="1.0" encoding="UTF-8"?>
<!-- Generated by org.testng.reporters.JUnitReportReporter -->
<testsuite hostname="LAPTOP-QUOMNJ5A" failures="0" tests="3" name="com.vtiger.DocumentsTest.CreateDocumentTitleTest" time="106.140" errors="0" timestamp="2022-06-19T20:34:54 IST" skipped="0">
  <testcase classname="com.vtiger.DocumentsTest.CreateDocumentTitleTest" name="createDocumentTitleTest" time="36.094"/>
  <system-out/>
  <testcase classname="com.vtiger.DocumentsTest.CreateDocumentTitleTest" name="createDocumentTitleTest" time="35.209"/>
  <system-out/>
  <testcase classname="com.vtiger.DocumentsTest.CreateDocumentTitleTest" name="createDocumentTitleTest" time="34.837"/>
  <system-out/>
</testsuite> <!-- com.vtiger.DocumentsTest.CreateDocumentTitleTest -->
