<?xml version="1.0" encoding="UTF-8"?>
<!-- Generated by org.testng.reporters.JUnitReportReporter -->
<testsuite hostname="LAPTOP-QUOMNJ5A" failures="0" tests="6" name="com.Chandan.Practice.DataProviderInt" time="0.193" errors="0" timestamp="12 Jul 2022 06:57:47 GMT" skipped="0">
  <testcase classname="com.Chandan.Practice.DataProviderInt" name="practiceTest" time="0.005"/>
  <testcase classname="com.Chandan.Practice.DataProviderInt" name="practiceTest" time="0.010"/>
  <testcase classname="com.Chandan.Practice.DataProviderInt" name="practiceTest" time="0.003"/>
  <testcase classname="com.Chandan.Practice.DataProviderInt" name="practiceTest" time="0.044"/>
  <testcase classname="com.Chandan.Practice.DataProviderInt" name="practiceTest" time="0.120"/>
  <testcase classname="com.Chandan.Practice.DataProviderInt" name="practiceTest" time="0.011"/>
</testsuite> <!-- com.Chandan.Practice.DataProviderInt -->
