<?xml version="1.0" encoding="UTF-8"?>
<!-- Generated by org.testng.reporters.JUnitReportReporter -->
<testsuite hostname="LAPTOP-QUOMNJ5A" failures="0" tests="3" name="com.vtiger.organizationTest.DeleteOrganizationTest" time="133.415" errors="0" timestamp="2022-06-19T20:34:54 IST" skipped="0">
  <testcase classname="com.vtiger.organizationTest.DeleteOrganizationTest" name="deletOrganizationTest" time="45.314"/>
  <system-out/>
  <testcase classname="com.vtiger.organizationTest.DeleteOrganizationTest" name="deletOrganizationTest" time="43.163"/>
  <system-out/>
  <testcase classname="com.vtiger.organizationTest.DeleteOrganizationTest" name="deletOrganizationTest" time="44.938"/>
  <system-out/>
</testsuite> <!-- com.vtiger.organizationTest.DeleteOrganizationTest -->
