<?xml version="1.0" encoding="UTF-8"?>
<!-- Generated by org.testng.reporters.JUnitReportReporter -->
<testsuite hostname="LAPTOP-QUOMNJ5A" failures="0" tests="1" name="com.Chandan.Practice.BobbibrowncosmeticsTest" time="57.864" errors="0" timestamp="03 Jun 2022 05:12:31 GMT" skipped="0">
  <testcase classname="com.Chandan.Practice.BobbibrowncosmeticsTest" name="bobbibrowncosmeticsTest" time="57.864"/>
</testsuite> <!-- com.Chandan.Practice.BobbibrowncosmeticsTest -->
